#
# There is insufficient memory for the Java Runtime Environment to continue.
# Native memory allocation (mmap) failed to map 130023424 bytes. Error detail: G1 virtual space
# Possible reasons:
#   The system is out of physical RAM or swap space
#   This process is running with CompressedOops enabled, and the Java Heap may be blocking the growth of the native heap
# Possible solutions:
#   Reduce memory load on the system
#   Increase physical memory or swap space
#   Check if swap backing store is full
#   Decrease Java heap size (-Xmx/-Xms)
#   Decrease number of Java threads
#   Decrease Java thread stack sizes (-Xss)
#   Set larger code cache with -XX:ReservedCodeCacheSize=
#   JVM is running with Unscaled Compressed Oops mode in which the Java heap is
#     placed in the first 4GB address space. The Java Heap base address is the
#     maximum limit for the native heap growth. Please use -XX:HeapBaseMinAddress
#     to set the Java Heap base and to place the Java Heap above 4GB virtual address.
# This output file may be truncated or incomplete.
#
#  Out of Memory Error (os_windows.cpp:3603), pid=17576, tid=31304
#
# JRE version:  (21.0.3+9) (build )
# Java VM: OpenJDK 64-Bit Server VM (21.0.3+9-LTS, mixed mode, sharing, tiered, compressed oops, compressed class ptrs, g1 gc, windows-amd64)
# No core dump will be written. Minidumps are not enabled by default on client versions of Windows
#

---------------  S U M M A R Y ------------

Command Line: -XX:+ShowCodeDetailsInExceptionMessages ActualizarCargo

Host: 11th Gen Intel(R) Core(TM) i5-1135G7 @ 2.40GHz, 8 cores, 7G,  Windows 11 , 64 bit Build 22621 (10.0.22621.4391)
Time: Tue Nov 12 14:25:47 2024 Hora estándar, América Central elapsed time: 0.022792 seconds (0d 0h 0m 0s)

---------------  T H R E A D  ---------------

Current thread (0x00000165d975dd60):  JavaThread "Unknown thread" [_thread_in_vm, id=31304, stack(0x000000555f000000,0x000000555f100000) (1024K)]

Stack: [0x000000555f000000,0x000000555f100000]
Native frames: (J=compiled Java code, j=interpreted, Vv=VM code, C=native code)
V  [jvm.dll+0x6c8699]
V  [jvm.dll+0x8a2061]
V  [jvm.dll+0x8a458e]
V  [jvm.dll+0x8a4c63]
V  [jvm.dll+0x27e476]
V  [jvm.dll+0x6c4e15]
V  [jvm.dll+0x6b9b0a]
V  [jvm.dll+0x3523ba]
V  [jvm.dll+0x359f66]
V  [jvm.dll+0x3ab1be]
V  [jvm.dll+0x3ab468]
V  [jvm.dll+0x3265fc]
V  [jvm.dll+0x32715b]
V  [jvm.dll+0x86b0b9]
V  [jvm.dll+0x3b81c1]
V  [jvm.dll+0x854318]
V  [jvm.dll+0x44c55e]
V  [jvm.dll+0x44e081]
C  [jli.dll+0x5278]
C  [ucrtbase.dll+0x29333]
C  [KERNEL32.DLL+0x1259d]
C  [ntdll.dll+0x5af38]


---------------  P R O C E S S  ---------------

Threads class SMR info:
_java_thread_list=0x00007fff8402e048, length=0, elements={
}

Java Threads: ( => current thread )
Total: 0

Other Threads:
  0x00000165d9ae19c0 WorkerThread "GC Thread#0"                     [id=31940, stack(0x000000555f100000,0x000000555f200000) (1024K)]
  0x00000165d9af2120 ConcurrentGCThread "G1 Main Marker"            [id=24248, stack(0x000000555f200000,0x000000555f300000) (1024K)]
  0x00000165d9af33c0 WorkerThread "G1 Conc#0"                       [id=14848, stack(0x000000555f300000,0x000000555f400000) (1024K)]

[error occurred during error reporting (printing all threads), id 0xc0000005, EXCEPTION_ACCESS_VIOLATION (0xc0000005) at pc=0x00007fff83738f27]
VM state: not at safepoint (not fully initialized)

VM Mutex/Monitor currently owned by a thread:  ([mutex/lock_event])
[0x00007fff840a2228] Heap_lock - owner thread: 0x00000165d975dd60

Heap address: 0x0000000085800000, size: 1960 MB, Compressed Oops mode: 32-bit

CDS archive(s) mapped at: [0x0000000000000000-0x0000000000000000-0x0000000000000000), size 0, SharedBaseAddress: 0x0000000800000000, ArchiveRelocationMode: 1.
Narrow klass base: 0x0000000000000000, Narrow klass shift: 0, Narrow klass range: 0x0

GC Precious Log:
 CardTable entry size: 512
 Card Set container configuration: InlinePtr #cards 5 size 8 Array Of Cards #cards 12 size 40 Howl #buckets 4 coarsen threshold 1843 Howl Bitmap #cards 512 size 80 coarsen threshold 460 Card regions per heap region 1 cards per card region 2048

Heap:
 garbage-first heap   total 0K, used 0K [0x0000000085800000, 0x0000000100000000)
  region size 1024K, 0 young (0K), 0 survivors (0K)

[error occurred during error reporting (printing heap information), id 0xc0000005, EXCEPTION_ACCESS_VIOLATION (0xc0000005) at pc=0x00007fff83b22069]
GC Heap History (0 events):
No events

Dll operation events (1 events):
Event: 0.012 Loaded shared library C:\Program Files\Eclipse Adoptium\jdk-21.0.3.9-hotspot\bin\java.dll

Deoptimization events (0 events):
No events

Classes loaded (0 events):
No events

Classes unloaded (0 events):
No events

Classes redefined (0 events):
No events

Internal exceptions (0 events):
No events

ZGC Phase Switch (0 events):
No events

VM Operations (0 events):
No events

Events (0 events):
No events


Dynamic libraries:
0x00007ff61b980000 - 0x00007ff61b98e000 	C:\Program Files\Eclipse Adoptium\jdk-21.0.3.9-hotspot\bin\java.exe
0x00007ff857270000 - 0x00007ff857487000 	C:\windows\SYSTEM32\ntdll.dll
0x00007ff81d420000 - 0x00007ff81d43a000 	C:\Program Files\Avast Software\Avast\aswhook.dll
0x00007ff855210000 - 0x00007ff8552d4000 	C:\windows\System32\KERNEL32.DLL
0x00007ff854700000 - 0x00007ff854ab9000 	C:\windows\System32\KERNELBASE.dll
0x00007ff854af0000 - 0x00007ff854c01000 	C:\windows\System32\ucrtbase.dll
0x00007ff82ae30000 - 0x00007ff82ae48000 	C:\Program Files\Eclipse Adoptium\jdk-21.0.3.9-hotspot\bin\jli.dll
0x00007ff81b7a0000 - 0x00007ff81b7bb000 	C:\Program Files\Eclipse Adoptium\jdk-21.0.3.9-hotspot\bin\VCRUNTIME140.dll
0x00007ff855960000 - 0x00007ff855b0e000 	C:\windows\System32\USER32.dll
0x00007ff854cb0000 - 0x00007ff854cd6000 	C:\windows\System32\win32u.dll
0x00007ff828f10000 - 0x00007ff8291a2000 	C:\windows\WinSxS\amd64_microsoft.windows.common-controls_6595b64144ccf1df_6.0.22621.4391_none_2715d37f73803e96\COMCTL32.dll
0x00007ff8563d0000 - 0x00007ff8563f9000 	C:\windows\System32\GDI32.dll
0x00007ff855050000 - 0x00007ff8550f7000 	C:\windows\System32\msvcrt.dll
0x00007ff8545e0000 - 0x00007ff8546fb000 	C:\windows\System32\gdi32full.dll
0x00007ff854c10000 - 0x00007ff854caa000 	C:\windows\System32\msvcp_win.dll
0x00007ff854f90000 - 0x00007ff854fc1000 	C:\windows\System32\IMM32.DLL
0x00007ff84f8d0000 - 0x00007ff84f8dc000 	C:\Program Files\Eclipse Adoptium\jdk-21.0.3.9-hotspot\bin\vcruntime140_1.dll
0x00007fffe4970000 - 0x00007fffe49fe000 	C:\Program Files\Eclipse Adoptium\jdk-21.0.3.9-hotspot\bin\msvcp140.dll
0x00007fff83400000 - 0x00007fff84182000 	C:\Program Files\Eclipse Adoptium\jdk-21.0.3.9-hotspot\bin\server\jvm.dll
0x00007ff856000000 - 0x00007ff8560b2000 	C:\windows\System32\ADVAPI32.dll
0x00007ff855ea0000 - 0x00007ff855f47000 	C:\windows\System32\sechost.dll
0x00007ff854ac0000 - 0x00007ff854ae8000 	C:\windows\System32\bcrypt.dll
0x00007ff856880000 - 0x00007ff856994000 	C:\windows\System32\RPCRT4.dll
0x00007ff854fd0000 - 0x00007ff855041000 	C:\windows\System32\WS2_32.dll
0x00007ff854440000 - 0x00007ff85448d000 	C:\windows\SYSTEM32\POWRPROF.dll
0x00007ff84eb90000 - 0x00007ff84ebc4000 	C:\windows\SYSTEM32\WINMM.dll
0x00007ff84a820000 - 0x00007ff84a82a000 	C:\windows\SYSTEM32\VERSION.dll
0x00007ff854420000 - 0x00007ff854433000 	C:\windows\SYSTEM32\UMPDC.dll
0x00007ff8535b0000 - 0x00007ff8535c8000 	C:\windows\SYSTEM32\kernel.appcore.dll
0x00007ff848dd0000 - 0x00007ff848dda000 	C:\Program Files\Eclipse Adoptium\jdk-21.0.3.9-hotspot\bin\jimage.dll
0x00007ff851db0000 - 0x00007ff851fe2000 	C:\windows\SYSTEM32\DBGHELP.DLL
0x00007ff855b10000 - 0x00007ff855e9f000 	C:\windows\System32\combase.dll
0x00007ff855500000 - 0x00007ff8555d7000 	C:\windows\System32\OLEAUT32.dll
0x00007ff848c60000 - 0x00007ff848c92000 	C:\windows\SYSTEM32\dbgcore.DLL
0x00007ff854e50000 - 0x00007ff854ecb000 	C:\windows\System32\bcryptPrimitives.dll
0x00007ff80f2b0000 - 0x00007ff80f2cf000 	C:\Program Files\Eclipse Adoptium\jdk-21.0.3.9-hotspot\bin\java.dll

dbghelp: loaded successfully - version: 4.0.5 - missing functions: none
symbol engine: initialized successfully - sym options: 0x614 - pdb path: .;C:\Program Files\Eclipse Adoptium\jdk-21.0.3.9-hotspot\bin;C:\windows\SYSTEM32;C:\Program Files\Avast Software\Avast;C:\windows\WinSxS\amd64_microsoft.windows.common-controls_6595b64144ccf1df_6.0.22621.4391_none_2715d37f73803e96;C:\Program Files\Eclipse Adoptium\jdk-21.0.3.9-hotspot\bin\server

VM Arguments:
jvm_args: -XX:+ShowCodeDetailsInExceptionMessages 
java_command: ActualizarCargo
java_class_path (initial): C:\Users\prueb\AppData\Roaming\Code\User\workspaceStorage\94bfff0fe779fb76720f33fc7dfbf325\redhat.java\jdt_ws\Proyecto_Bases_De_Datos_eec5c4d0\bin;d:\Bibliotecas\Descargas\mysql-connector-java-5.1.49.jar
Launcher Type: SUN_STANDARD

[Global flags]
     intx CICompilerCount                          = 4                                         {product} {ergonomic}
     uint ConcGCThreads                            = 2                                         {product} {ergonomic}
     uint G1ConcRefinementThreads                  = 8                                         {product} {ergonomic}
   size_t G1HeapRegionSize                         = 1048576                                   {product} {ergonomic}
    uintx GCDrainStackTargetSize                   = 64                                        {product} {ergonomic}
   size_t InitialHeapSize                          = 130023424                                 {product} {ergonomic}
   size_t MarkStackSize                            = 4194304                                   {product} {ergonomic}
   size_t MaxHeapSize                              = 2055208960                                {product} {ergonomic}
   size_t MinHeapDeltaBytes                        = 1048576                                   {product} {ergonomic}
   size_t MinHeapSize                              = 8388608                                   {product} {ergonomic}
    uintx NonNMethodCodeHeapSize                   = 5839372                                {pd product} {ergonomic}
    uintx NonProfiledCodeHeapSize                  = 122909434                              {pd product} {ergonomic}
    uintx ProfiledCodeHeapSize                     = 122909434                              {pd product} {ergonomic}
    uintx ReservedCodeCacheSize                    = 251658240                              {pd product} {ergonomic}
     bool SegmentedCodeCache                       = true                                      {product} {ergonomic}
     bool ShowCodeDetailsInExceptionMessages       = true                                   {manageable} {command line}
   size_t SoftMaxHeapSize                          = 2055208960                             {manageable} {ergonomic}
     bool UseCompressedOops                        = true                           {product lp64_product} {ergonomic}
     bool UseG1GC                                  = true                                      {product} {ergonomic}
     bool UseLargePagesIndividualAllocation        = false                                  {pd product} {ergonomic}

Logging:
Log output configuration:
 #0: stdout all=warning uptime,level,tags foldmultilines=false
 #1: stderr all=off uptime,level,tags foldmultilines=false

Environment Variables:
PATH=C:\Program Files\Google\Chrome\Application;C:\Program Files\Eclipse Adoptium\jdk-21.0.3.9-hotspot\bin;C:\Program Files\Common Files\Oracle\Java\javapath;C:\Program Files (x86)\Common Files\Oracle\Java\javapath;C:\windows\system32;C:\windows;C:\windows\System32\Wbem;C:\windows\System32\WindowsPowerShell\v1.0\;C:\windows\System32\OpenSSH\;C:\Program Files\dotnet\;C:\Program Files\Wolfram Research\WolframScript\;C:\Program Files\Git\cmd;C:\Program Files (x86)\Microsoft SQL Server\160\Tools\Binn\;C:\Program Files\Microsoft SQL Server\160\Tools\Binn\;C:\Program Files\Microsoft SQL Server\Client SDK\ODBC\170\Tools\Binn\;C:\Program Files\Microsoft SQL Server\160\DTS\Binn\;C:\Program Files\MySQL\MySQL Shell 8.0\bin\;C:\Users\prueb\AppData\Local\Microsoft\WindowsApps;C:\Users\prueb\AppData\Local\Programs\Microsoft VS Code\bin;C:\Users\prueb\AppData\Local\GitHubDesktop\bin
USERNAME=prueb
LANG=en_US.UTF-8
OS=Windows_NT
PROCESSOR_IDENTIFIER=Intel64 Family 6 Model 140 Stepping 1, GenuineIntel
TMP=C:\Users\prueb\AppData\Local\Temp
TEMP=C:\Users\prueb\AppData\Local\Temp




Periodic native trim disabled

---------------  S Y S T E M  ---------------

OS:
 Windows 11 , 64 bit Build 22621 (10.0.22621.4391)
OS uptime: 16 days 18:35 hours

CPU: total 8 (initial active 8) (4 cores per cpu, 2 threads per core) family 6 model 140 stepping 1 microcode 0xb4, cx8, cmov, fxsr, ht, mmx, 3dnowpref, sse, sse2, sse3, ssse3, sse4.1, sse4.2, popcnt, lzcnt, tsc, tscinvbit, avx, avx2, aes, erms, clmul, bmi1, bmi2, adx, avx512f, avx512dq, avx512cd, avx512bw, avx512vl, sha, fma, vzeroupper, avx512_vpopcntdq, avx512_vpclmulqdq, avx512_vaes, avx512_vnni, clflush, clflushopt, clwb, avx512_vbmi2, avx512_vbmi, rdtscp, rdpid, fsrm, gfni, avx512_bitalg, f16c, pku, cet_ibt, cet_ss, avx512_ifma
Processor Information for all 8 processors :
  Max Mhz: 2401, Current Mhz: 2401, Mhz Limit: 2401

Memory: 4k page, system-wide physical 7834M (265M free)
TotalPageFile size 31386M (AvailPageFile size 128M)
current process WorkingSet (physical memory assigned to process): 11M, peak: 11M
current process commit charge ("private bytes"): 60M, peak: 184M

vm_info: OpenJDK 64-Bit Server VM (21.0.3+9-LTS) for windows-amd64 JRE (21.0.3+9-LTS), built on 2024-04-16T00:00:00Z by "admin" with MS VC++ 17.7 (VS2022)

END.
